
                            < M A T L A B (R) >
                  Copyright 1984-2016 The MathWorks, Inc.
                   R2016b (9.1.0.441655) 64-bit (glnxa64)
                             September 7, 2016

 
To get started, type one of these: helpwin, helpdesk, or demo.
For product information, visit www.mathworks.com.
 

s =

  Columns 1 through 7

         0    0.0010    0.0020    0.0029    0.0039    0.0049    0.0059

  Columns 8 through 14

    0.0068    0.0078    0.0088    0.0098    0.0107    0.0117    0.0127

  Columns 15 through 21

    0.0137    0.0146    0.0156    0.0166    0.0176    0.0186    0.0195

  Columns 22 through 28

    0.0205    0.0215    0.0225    0.0234    0.0244    0.0254    0.0264

  Columns 29 through 35

    0.0273    0.0283    0.0293    0.0303    0.0312    0.0322    0.0332

  Columns 36 through 42

    0.0342    0.0352    0.0361    0.0371    0.0381    0.0391    0.0400

  Columns 43 through 49

    0.0410    0.0420    0.0430    0.0439    0.0449    0.0459    0.0469

  Columns 50 through 56

    0.0479    0.0488    0.0498    0.0508    0.0518    0.0527    0.0537

  Columns 57 through 63

    0.0547    0.0557    0.0566    0.0576    0.0586    0.0596    0.0605

  Columns 64 through 70

    0.0615    0.0625    0.0635    0.0645    0.0654    0.0664    0.0674

  Columns 71 through 77

    0.0684    0.0693    0.0703    0.0713    0.0723    0.0732    0.0742

  Columns 78 through 84

    0.0752    0.0762    0.0771    0.0781    0.0791    0.0801    0.0811

  Columns 85 through 91

    0.0820    0.0830    0.0840    0.0850    0.0859    0.0869    0.0879

  Columns 92 through 98

    0.0889    0.0898    0.0908    0.0918    0.0928    0.0938    0.0947

  Columns 99 through 105

    0.0957    0.0967    0.0977    0.0986    0.0996    0.1006    0.1016

  Columns 106 through 112

    0.1025    0.1035    0.1045    0.1055    0.1064    0.1074    0.1084

  Columns 113 through 119

    0.1094    0.1104    0.1113    0.1123    0.1133    0.1143    0.1152

  Columns 120 through 126

    0.1162    0.1172    0.1182    0.1191    0.1201    0.1211    0.1221

  Columns 127 through 133

    0.1230    0.1240    0.1250    0.1260    0.1270    0.1279    0.1289

  Columns 134 through 140

    0.1299    0.1309    0.1318    0.1328    0.1338    0.1348    0.1357

  Columns 141 through 147

    0.1367    0.1377    0.1387    0.1396    0.1406    0.1416    0.1426

  Columns 148 through 154

    0.1436    0.1445    0.1455    0.1465    0.1475    0.1484    0.1494

  Columns 155 through 161

    0.1504    0.1514    0.1523    0.1533    0.1543    0.1553    0.1562

  Columns 162 through 168

    0.1572    0.1582    0.1592    0.1602    0.1611    0.1621    0.1631

  Columns 169 through 175

    0.1641    0.1650    0.1660    0.1670    0.1680    0.1689    0.1699

  Columns 176 through 182

    0.1709    0.1719    0.1729    0.1738    0.1748    0.1758    0.1768

  Columns 183 through 189

    0.1777    0.1787    0.1797    0.1807    0.1816    0.1826    0.1836

  Columns 190 through 196

    0.1846    0.1855    0.1865    0.1875    0.1885    0.1895    0.1904

  Columns 197 through 203

    0.1914    0.1924    0.1934    0.1943    0.1953    0.1963    0.1973

  Columns 204 through 210

    0.1982    0.1992    0.2002    0.2012    0.2021    0.2031    0.2041

  Columns 211 through 217

    0.2051    0.2061    0.2070    0.2080    0.2090    0.2100    0.2109

  Columns 218 through 224

    0.2119    0.2129    0.2139    0.2148    0.2158    0.2168    0.2178

  Columns 225 through 231

    0.2188    0.2197    0.2207    0.2217    0.2227    0.2236    0.2246

  Columns 232 through 238

    0.2256    0.2266    0.2275    0.2285    0.2295    0.2305    0.2314

  Columns 239 through 245

    0.2324    0.2334    0.2344    0.2354    0.2363    0.2373    0.2383

  Columns 246 through 252

    0.2393    0.2402    0.2412    0.2422    0.2432    0.2441    0.2451

  Columns 253 through 259

    0.2461    0.2471    0.2480    0.2490    0.2500    0.2510    0.2520

  Columns 260 through 266

    0.2529    0.2539    0.2549    0.2559    0.2568    0.2578    0.2588

  Columns 267 through 273

    0.2598    0.2607    0.2617    0.2627    0.2637    0.2646    0.2656

  Columns 274 through 280

    0.2666    0.2676    0.2686    0.2695    0.2705    0.2715    0.2725

  Columns 281 through 287

    0.2734    0.2744    0.2754    0.2764    0.2773    0.2783    0.2793

  Columns 288 through 294

    0.2803    0.2812    0.2822    0.2832    0.2842    0.2852    0.2861

  Columns 295 through 301

    0.2871    0.2881    0.2891    0.2900    0.2910    0.2920    0.2930

  Columns 302 through 308

    0.2939    0.2949    0.2959    0.2969    0.2979    0.2988    0.2998

  Columns 309 through 315

    0.3008    0.3018    0.3027    0.3037    0.3047    0.3057    0.3066

  Columns 316 through 322

    0.3076    0.3086    0.3096    0.3105    0.3115    0.3125    0.3135

  Columns 323 through 329

    0.3145    0.3154    0.3164    0.3174    0.3184    0.3193    0.3203

  Columns 330 through 336

    0.3213    0.3223    0.3232    0.3242    0.3252    0.3262    0.3271

  Columns 337 through 343

    0.3281    0.3291    0.3301    0.3311    0.3320    0.3330    0.3340

  Columns 344 through 350

    0.3350    0.3359    0.3369    0.3379    0.3389    0.3398    0.3408

  Columns 351 through 357

    0.3418    0.3428    0.3438    0.3447    0.3457    0.3467    0.3477

  Columns 358 through 364

    0.3486    0.3496    0.3506    0.3516    0.3525    0.3535    0.3545

  Columns 365 through 371

    0.3555    0.3564    0.3574    0.3584    0.3594    0.3604    0.3613

  Columns 372 through 378

    0.3623    0.3633    0.3643    0.3652    0.3662    0.3672    0.3682

  Columns 379 through 385

    0.3691    0.3701    0.3711    0.3721    0.3730    0.3740    0.3750

  Columns 386 through 392

    0.3760    0.3770    0.3779    0.3789    0.3799    0.3809    0.3818

  Columns 393 through 399

    0.3828    0.3838    0.3848    0.3857    0.3867    0.3877    0.3887

  Columns 400 through 406

    0.3896    0.3906    0.3916    0.3926    0.3936    0.3945    0.3955

  Columns 407 through 413

    0.3965    0.3975    0.3984    0.3994    0.4004    0.4014    0.4023

  Columns 414 through 420

    0.4033    0.4043    0.4053    0.4062    0.4072    0.4082    0.4092

  Columns 421 through 427

    0.4102    0.4111    0.4121    0.4131    0.4141    0.4150    0.4160

  Columns 428 through 434

    0.4170    0.4180    0.4189    0.4199    0.4209    0.4219    0.4229

  Columns 435 through 441

    0.4238    0.4248    0.4258    0.4268    0.4277    0.4287    0.4297

  Columns 442 through 448

    0.4307    0.4316    0.4326    0.4336    0.4346    0.4355    0.4365

  Columns 449 through 455

    0.4375    0.4385    0.4395    0.4404    0.4414    0.4424    0.4434

  Columns 456 through 462

    0.4443    0.4453    0.4463    0.4473    0.4482    0.4492    0.4502

  Columns 463 through 469

    0.4512    0.4521    0.4531    0.4541    0.4551    0.4561    0.4570

  Columns 470 through 476

    0.4580    0.4590    0.4600    0.4609    0.4619    0.4629    0.4639

  Columns 477 through 483

    0.4648    0.4658    0.4668    0.4678    0.4688    0.4697    0.4707

  Columns 484 through 490

    0.4717    0.4727    0.4736    0.4746    0.4756    0.4766    0.4775

  Columns 491 through 497

    0.4785    0.4795    0.4805    0.4814    0.4824    0.4834    0.4844

  Columns 498 through 504

    0.4854    0.4863    0.4873    0.4883    0.4893    0.4902    0.4912

  Columns 505 through 511

    0.4922    0.4932    0.4941    0.4951    0.4961    0.4971    0.4980

  Columns 512 through 518

    0.4990    0.5000    0.5010    0.5020    0.5029    0.5039    0.5049

  Columns 519 through 525

    0.5059    0.5068    0.5078    0.5088    0.5098    0.5107    0.5117

  Columns 526 through 532

    0.5127    0.5137    0.5146    0.5156    0.5166    0.5176    0.5186

  Columns 533 through 539

    0.5195    0.5205    0.5215    0.5225    0.5234    0.5244    0.5254

  Columns 540 through 546

    0.5264    0.5273    0.5283    0.5293    0.5303    0.5312    0.5322

  Columns 547 through 553

    0.5332    0.5342    0.5352    0.5361    0.5371    0.5381    0.5391

  Columns 554 through 560

    0.5400    0.5410    0.5420    0.5430    0.5439    0.5449    0.5459

  Columns 561 through 567

    0.5469    0.5479    0.5488    0.5498    0.5508    0.5518    0.5527

  Columns 568 through 574

    0.5537    0.5547    0.5557    0.5566    0.5576    0.5586    0.5596

  Columns 575 through 581

    0.5605    0.5615    0.5625    0.5635    0.5645    0.5654    0.5664

  Columns 582 through 588

    0.5674    0.5684    0.5693    0.5703    0.5713    0.5723    0.5732

  Columns 589 through 595

    0.5742    0.5752    0.5762    0.5771    0.5781    0.5791    0.5801

  Columns 596 through 602

    0.5811    0.5820    0.5830    0.5840    0.5850    0.5859    0.5869

  Columns 603 through 609

    0.5879    0.5889    0.5898    0.5908    0.5918    0.5928    0.5938

  Columns 610 through 616

    0.5947    0.5957    0.5967    0.5977    0.5986    0.5996    0.6006

  Columns 617 through 623

    0.6016    0.6025    0.6035    0.6045    0.6055    0.6064    0.6074

  Columns 624 through 630

    0.6084    0.6094    0.6104    0.6113    0.6123    0.6133    0.6143

  Columns 631 through 637

    0.6152    0.6162    0.6172    0.6182    0.6191    0.6201    0.6211

  Columns 638 through 644

    0.6221    0.6230    0.6240    0.6250    0.6260    0.6270    0.6279

  Columns 645 through 651

    0.6289    0.6299    0.6309    0.6318    0.6328    0.6338    0.6348

  Columns 652 through 658

    0.6357    0.6367    0.6377    0.6387    0.6396    0.6406    0.6416

  Columns 659 through 665

    0.6426    0.6436    0.6445    0.6455    0.6465    0.6475    0.6484

  Columns 666 through 672

    0.6494    0.6504    0.6514    0.6523    0.6533    0.6543    0.6553

  Columns 673 through 679

    0.6562    0.6572    0.6582    0.6592    0.6602    0.6611    0.6621

  Columns 680 through 686

    0.6631    0.6641    0.6650    0.6660    0.6670    0.6680    0.6689

  Columns 687 through 693

    0.6699    0.6709    0.6719    0.6729    0.6738    0.6748    0.6758

  Columns 694 through 700

    0.6768    0.6777    0.6787    0.6797    0.6807    0.6816    0.6826

  Columns 701 through 707

    0.6836    0.6846    0.6855    0.6865    0.6875    0.6885    0.6895

  Columns 708 through 714

    0.6904    0.6914    0.6924    0.6934    0.6943    0.6953    0.6963

  Columns 715 through 721

    0.6973    0.6982    0.6992    0.7002    0.7012    0.7021    0.7031

  Columns 722 through 728

    0.7041    0.7051    0.7061    0.7070    0.7080    0.7090    0.7100

  Columns 729 through 735

    0.7109    0.7119    0.7129    0.7139    0.7148    0.7158    0.7168

  Columns 736 through 742

    0.7178    0.7188    0.7197    0.7207    0.7217    0.7227    0.7236

  Columns 743 through 749

    0.7246    0.7256    0.7266    0.7275    0.7285    0.7295    0.7305

  Columns 750 through 756

    0.7314    0.7324    0.7334    0.7344    0.7354    0.7363    0.7373

  Columns 757 through 763

    0.7383    0.7393    0.7402    0.7412    0.7422    0.7432    0.7441

  Columns 764 through 770

    0.7451    0.7461    0.7471    0.7480    0.7490    0.7500    0.7510

  Columns 771 through 777

    0.7520    0.7529    0.7539    0.7549    0.7559    0.7568    0.7578

  Columns 778 through 784

    0.7588    0.7598    0.7607    0.7617    0.7627    0.7637    0.7646

  Columns 785 through 791

    0.7656    0.7666    0.7676    0.7686    0.7695    0.7705    0.7715

  Columns 792 through 798

    0.7725    0.7734    0.7744    0.7754    0.7764    0.7773    0.7783

  Columns 799 through 805

    0.7793    0.7803    0.7812    0.7822    0.7832    0.7842    0.7852

  Columns 806 through 812

    0.7861    0.7871    0.7881    0.7891    0.7900    0.7910    0.7920

  Columns 813 through 819

    0.7930    0.7939    0.7949    0.7959    0.7969    0.7979    0.7988

  Columns 820 through 826

    0.7998    0.8008    0.8018    0.8027    0.8037    0.8047    0.8057

  Columns 827 through 833

    0.8066    0.8076    0.8086    0.8096    0.8105    0.8115    0.8125

  Columns 834 through 840

    0.8135    0.8145    0.8154    0.8164    0.8174    0.8184    0.8193

  Columns 841 through 847

    0.8203    0.8213    0.8223    0.8232    0.8242    0.8252    0.8262

  Columns 848 through 854

    0.8271    0.8281    0.8291    0.8301    0.8311    0.8320    0.8330

  Columns 855 through 861

    0.8340    0.8350    0.8359    0.8369    0.8379    0.8389    0.8398

  Columns 862 through 868

    0.8408    0.8418    0.8428    0.8438    0.8447    0.8457    0.8467

  Columns 869 through 875

    0.8477    0.8486    0.8496    0.8506    0.8516    0.8525    0.8535

  Columns 876 through 882

    0.8545    0.8555    0.8564    0.8574    0.8584    0.8594    0.8604

  Columns 883 through 889

    0.8613    0.8623    0.8633    0.8643    0.8652    0.8662    0.8672

  Columns 890 through 896

    0.8682    0.8691    0.8701    0.8711    0.8721    0.8730    0.8740

  Columns 897 through 903

    0.8750    0.8760    0.8770    0.8779    0.8789    0.8799    0.8809

  Columns 904 through 910

    0.8818    0.8828    0.8838    0.8848    0.8857    0.8867    0.8877

  Columns 911 through 917

    0.8887    0.8896    0.8906    0.8916    0.8926    0.8936    0.8945

  Columns 918 through 924

    0.8955    0.8965    0.8975    0.8984    0.8994    0.9004    0.9014

  Columns 925 through 931

    0.9023    0.9033    0.9043    0.9053    0.9062    0.9072    0.9082

  Columns 932 through 938

    0.9092    0.9102    0.9111    0.9121    0.9131    0.9141    0.9150

  Columns 939 through 945

    0.9160    0.9170    0.9180    0.9189    0.9199    0.9209    0.9219

  Columns 946 through 952

    0.9229    0.9238    0.9248    0.9258    0.9268    0.9277    0.9287

  Columns 953 through 959

    0.9297    0.9307    0.9316    0.9326    0.9336    0.9346    0.9355

  Columns 960 through 966

    0.9365    0.9375    0.9385    0.9395    0.9404    0.9414    0.9424

  Columns 967 through 973

    0.9434    0.9443    0.9453    0.9463    0.9473    0.9482    0.9492

  Columns 974 through 980

    0.9502    0.9512    0.9521    0.9531    0.9541    0.9551    0.9561

  Columns 981 through 987

    0.9570    0.9580    0.9590    0.9600    0.9609    0.9619    0.9629

  Columns 988 through 994

    0.9639    0.9648    0.9658    0.9668    0.9678    0.9688    0.9697

  Columns 995 through 1001

    0.9707    0.9717    0.9727    0.9736    0.9746    0.9756    0.9766

  Columns 1002 through 1008

    0.9775    0.9785    0.9795    0.9805    0.9814    0.9824    0.9834

  Columns 1009 through 1015

    0.9844    0.9854    0.9863    0.9873    0.9883    0.9893    0.9902

  Columns 1016 through 1022

    0.9912    0.9922    0.9932    0.9941    0.9951    0.9961    0.9971

  Columns 1023 through 1029

    0.9980    0.9990    1.0000    1.0010    1.0020    1.0029    1.0039

  Columns 1030 through 1036

    1.0049    1.0059    1.0068    1.0078    1.0088    1.0098    1.0107

  Columns 1037 through 1043

    1.0117    1.0127    1.0137    1.0146    1.0156    1.0166    1.0176

  Columns 1044 through 1050

    1.0186    1.0195    1.0205    1.0215    1.0225    1.0234    1.0244

  Columns 1051 through 1057

    1.0254    1.0264    1.0273    1.0283    1.0293    1.0303    1.0312

  Columns 1058 through 1064

    1.0322    1.0332    1.0342    1.0352    1.0361    1.0371    1.0381

  Columns 1065 through 1071

    1.0391    1.0400    1.0410    1.0420    1.0430    1.0439    1.0449

  Columns 1072 through 1078

    1.0459    1.0469    1.0479    1.0488    1.0498    1.0508    1.0518

  Columns 1079 through 1085

    1.0527    1.0537    1.0547    1.0557    1.0566    1.0576    1.0586

  Columns 1086 through 1092

    1.0596    1.0605    1.0615    1.0625    1.0635    1.0645    1.0654

  Columns 1093 through 1099

    1.0664    1.0674    1.0684    1.0693    1.0703    1.0713    1.0723

  Columns 1100 through 1106

    1.0732    1.0742    1.0752    1.0762    1.0771    1.0781    1.0791

  Columns 1107 through 1113

    1.0801    1.0811    1.0820    1.0830    1.0840    1.0850    1.0859

  Columns 1114 through 1120

    1.0869    1.0879    1.0889    1.0898    1.0908    1.0918    1.0928

  Columns 1121 through 1127

    1.0938    1.0947    1.0957    1.0967    1.0977    1.0986    1.0996

  Columns 1128 through 1134

    1.1006    1.1016    1.1025    1.1035    1.1045    1.1055    1.1064

  Columns 1135 through 1141

    1.1074    1.1084    1.1094    1.1104    1.1113    1.1123    1.1133

  Columns 1142 through 1148

    1.1143    1.1152    1.1162    1.1172    1.1182    1.1191    1.1201

  Columns 1149 through 1155

    1.1211    1.1221    1.1230    1.1240    1.1250    1.1260    1.1270

  Columns 1156 through 1162

    1.1279    1.1289    1.1299    1.1309    1.1318    1.1328    1.1338

  Columns 1163 through 1169

    1.1348    1.1357    1.1367    1.1377    1.1387    1.1396    1.1406

  Columns 1170 through 1176

    1.1416    1.1426    1.1436    1.1445    1.1455    1.1465    1.1475

  Columns 1177 through 1183

    1.1484    1.1494    1.1504    1.1514    1.1523    1.1533    1.1543

  Columns 1184 through 1190

    1.1553    1.1562    1.1572    1.1582    1.1592    1.1602    1.1611

  Columns 1191 through 1197

    1.1621    1.1631    1.1641    1.1650    1.1660    1.1670    1.1680

  Columns 1198 through 1204

    1.1689    1.1699    1.1709    1.1719    1.1729    1.1738    1.1748

  Columns 1205 through 1211

    1.1758    1.1768    1.1777    1.1787    1.1797    1.1807    1.1816

  Columns 1212 through 1218

    1.1826    1.1836    1.1846    1.1855    1.1865    1.1875    1.1885

  Columns 1219 through 1225

    1.1895    1.1904    1.1914    1.1924    1.1934    1.1943    1.1953

  Columns 1226 through 1232

    1.1963    1.1973    1.1982    1.1992    1.2002    1.2012    1.2021

  Columns 1233 through 1239

    1.2031    1.2041    1.2051    1.2061    1.2070    1.2080    1.2090

  Columns 1240 through 1246

    1.2100    1.2109    1.2119    1.2129    1.2139    1.2148    1.2158

  Columns 1247 through 1253

    1.2168    1.2178    1.2188    1.2197    1.2207    1.2217    1.2227

  Columns 1254 through 1260

    1.2236    1.2246    1.2256    1.2266    1.2275    1.2285    1.2295

  Columns 1261 through 1267

    1.2305    1.2314    1.2324    1.2334    1.2344    1.2354    1.2363

  Columns 1268 through 1274

    1.2373    1.2383    1.2393    1.2402    1.2412    1.2422    1.2432

  Columns 1275 through 1281

    1.2441    1.2451    1.2461    1.2471    1.2480    1.2490    1.2500

  Columns 1282 through 1288

    1.2510    1.2520    1.2529    1.2539    1.2549    1.2559    1.2568

  Columns 1289 through 1295

    1.2578    1.2588    1.2598    1.2607    1.2617    1.2627    1.2637

  Columns 1296 through 1302

    1.2646    1.2656    1.2666    1.2676    1.2686    1.2695    1.2705

  Columns 1303 through 1309

    1.2715    1.2725    1.2734    1.2744    1.2754    1.2764    1.2773

  Columns 1310 through 1316

    1.2783    1.2793    1.2803    1.2812    1.2822    1.2832    1.2842

  Columns 1317 through 1323

    1.2852    1.2861    1.2871    1.2881    1.2891    1.2900    1.2910

  Columns 1324 through 1330

    1.2920    1.2930    1.2939    1.2949    1.2959    1.2969    1.2979

  Columns 1331 through 1337

    1.2988    1.2998    1.3008    1.3018    1.3027    1.3037    1.3047

  Columns 1338 through 1344

    1.3057    1.3066    1.3076    1.3086    1.3096    1.3105    1.3115

  Columns 1345 through 1351

    1.3125    1.3135    1.3145    1.3154    1.3164    1.3174    1.3184

  Columns 1352 through 1358

    1.3193    1.3203    1.3213    1.3223    1.3232    1.3242    1.3252

  Columns 1359 through 1365

    1.3262    1.3271    1.3281    1.3291    1.3301    1.3311    1.3320

  Columns 1366 through 1372

    1.3330    1.3340    1.3350    1.3359    1.3369    1.3379    1.3389

  Columns 1373 through 1379

    1.3398    1.3408    1.3418    1.3428    1.3438    1.3447    1.3457

  Columns 1380 through 1386

    1.3467    1.3477    1.3486    1.3496    1.3506    1.3516    1.3525

  Columns 1387 through 1393

    1.3535    1.3545    1.3555    1.3564    1.3574    1.3584    1.3594

  Columns 1394 through 1400

    1.3604    1.3613    1.3623    1.3633    1.3643    1.3652    1.3662

  Columns 1401 through 1407

    1.3672    1.3682    1.3691    1.3701    1.3711    1.3721    1.3730

  Columns 1408 through 1414

    1.3740    1.3750    1.3760    1.3770    1.3779    1.3789    1.3799

  Columns 1415 through 1421

    1.3809    1.3818    1.3828    1.3838    1.3848    1.3857    1.3867

  Columns 1422 through 1428

    1.3877    1.3887    1.3896    1.3906    1.3916    1.3926    1.3936

  Columns 1429 through 1435

    1.3945    1.3955    1.3965    1.3975    1.3984    1.3994    1.4004

  Columns 1436 through 1442

    1.4014    1.4023    1.4033    1.4043    1.4053    1.4062    1.4072

  Columns 1443 through 1449

    1.4082    1.4092    1.4102    1.4111    1.4121    1.4131    1.4141

  Columns 1450 through 1456

    1.4150    1.4160    1.4170    1.4180    1.4189    1.4199    1.4209

  Columns 1457 through 1463

    1.4219    1.4229    1.4238    1.4248    1.4258    1.4268    1.4277

  Columns 1464 through 1470

    1.4287    1.4297    1.4307    1.4316    1.4326    1.4336    1.4346

  Columns 1471 through 1477

    1.4355    1.4365    1.4375    1.4385    1.4395    1.4404    1.4414

  Columns 1478 through 1484

    1.4424    1.4434    1.4443    1.4453    1.4463    1.4473    1.4482

  Columns 1485 through 1491

    1.4492    1.4502    1.4512    1.4521    1.4531    1.4541    1.4551

  Columns 1492 through 1498

    1.4561    1.4570    1.4580    1.4590    1.4600    1.4609    1.4619

  Columns 1499 through 1505

    1.4629    1.4639    1.4648    1.4658    1.4668    1.4678    1.4688

  Columns 1506 through 1512

    1.4697    1.4707    1.4717    1.4727    1.4736    1.4746    1.4756

  Columns 1513 through 1519

    1.4766    1.4775    1.4785    1.4795    1.4805    1.4814    1.4824

  Columns 1520 through 1526

    1.4834    1.4844    1.4854    1.4863    1.4873    1.4883    1.4893

  Columns 1527 through 1533

    1.4902    1.4912    1.4922    1.4932    1.4941    1.4951    1.4961

  Columns 1534 through 1540

    1.4971    1.4980    1.4990    1.5000    1.5010    1.5020    1.5029

  Columns 1541 through 1547

    1.5039    1.5049    1.5059    1.5068    1.5078    1.5088    1.5098

  Columns 1548 through 1554

    1.5107    1.5117    1.5127    1.5137    1.5146    1.5156    1.5166

  Columns 1555 through 1561

    1.5176    1.5186    1.5195    1.5205    1.5215    1.5225    1.5234

  Columns 1562 through 1568

    1.5244    1.5254    1.5264    1.5273    1.5283    1.5293    1.5303

  Columns 1569 through 1575

    1.5312    1.5322    1.5332    1.5342    1.5352    1.5361    1.5371

  Columns 1576 through 1582

    1.5381    1.5391    1.5400    1.5410    1.5420    1.5430    1.5439

  Columns 1583 through 1589

    1.5449    1.5459    1.5469    1.5479    1.5488    1.5498    1.5508

  Columns 1590 through 1596

    1.5518    1.5527    1.5537    1.5547    1.5557    1.5566    1.5576

  Columns 1597 through 1603

    1.5586    1.5596    1.5605    1.5615    1.5625    1.5635    1.5645

  Columns 1604 through 1610

    1.5654    1.5664    1.5674    1.5684    1.5693    1.5703    1.5713

  Columns 1611 through 1617

    1.5723    1.5732    1.5742    1.5752    1.5762    1.5771    1.5781

  Columns 1618 through 1624

    1.5791    1.5801    1.5811    1.5820    1.5830    1.5840    1.5850

  Columns 1625 through 1631

    1.5859    1.5869    1.5879    1.5889    1.5898    1.5908    1.5918

  Columns 1632 through 1638

    1.5928    1.5938    1.5947    1.5957    1.5967    1.5977    1.5986

  Columns 1639 through 1645

    1.5996    1.6006    1.6016    1.6025    1.6035    1.6045    1.6055

  Columns 1646 through 1652

    1.6064    1.6074    1.6084    1.6094    1.6104    1.6113    1.6123

  Columns 1653 through 1659

    1.6133    1.6143    1.6152    1.6162    1.6172    1.6182    1.6191

  Columns 1660 through 1666

    1.6201    1.6211    1.6221    1.6230    1.6240    1.6250    1.6260

  Columns 1667 through 1673

    1.6270    1.6279    1.6289    1.6299    1.6309    1.6318    1.6328

  Columns 1674 through 1680

    1.6338    1.6348    1.6357    1.6367    1.6377    1.6387    1.6396

  Columns 1681 through 1687

    1.6406    1.6416    1.6426    1.6436    1.6445    1.6455    1.6465

  Columns 1688 through 1694

    1.6475    1.6484    1.6494    1.6504    1.6514    1.6523    1.6533

  Columns 1695 through 1701

    1.6543    1.6553    1.6562    1.6572    1.6582    1.6592    1.6602

  Columns 1702 through 1708

    1.6611    1.6621    1.6631    1.6641    1.6650    1.6660    1.6670

  Columns 1709 through 1715

    1.6680    1.6689    1.6699    1.6709    1.6719    1.6729    1.6738

  Columns 1716 through 1722

    1.6748    1.6758    1.6768    1.6777    1.6787    1.6797    1.6807

  Columns 1723 through 1729

    1.6816    1.6826    1.6836    1.6846    1.6855    1.6865    1.6875

  Columns 1730 through 1736

    1.6885    1.6895    1.6904    1.6914    1.6924    1.6934    1.6943

  Columns 1737 through 1743

    1.6953    1.6963    1.6973    1.6982    1.6992    1.7002    1.7012

  Columns 1744 through 1750

    1.7021    1.7031    1.7041    1.7051    1.7061    1.7070    1.7080

  Columns 1751 through 1757

    1.7090    1.7100    1.7109    1.7119    1.7129    1.7139    1.7148

  Columns 1758 through 1764

    1.7158    1.7168    1.7178    1.7188    1.7197    1.7207    1.7217

  Columns 1765 through 1771

    1.7227    1.7236    1.7246    1.7256    1.7266    1.7275    1.7285

  Columns 1772 through 1778

    1.7295    1.7305    1.7314    1.7324    1.7334    1.7344    1.7354

  Columns 1779 through 1785

    1.7363    1.7373    1.7383    1.7393    1.7402    1.7412    1.7422

  Columns 1786 through 1792

    1.7432    1.7441    1.7451    1.7461    1.7471    1.7480    1.7490

  Columns 1793 through 1799

    1.7500    1.7510    1.7520    1.7529    1.7539    1.7549    1.7559

  Columns 1800 through 1806

    1.7568    1.7578    1.7588    1.7598    1.7607    1.7617    1.7627

  Columns 1807 through 1813

    1.7637    1.7646    1.7656    1.7666    1.7676    1.7686    1.7695

  Columns 1814 through 1820

    1.7705    1.7715    1.7725    1.7734    1.7744    1.7754    1.7764

  Columns 1821 through 1827

    1.7773    1.7783    1.7793    1.7803    1.7812    1.7822    1.7832

  Columns 1828 through 1834

    1.7842    1.7852    1.7861    1.7871    1.7881    1.7891    1.7900

  Columns 1835 through 1841

    1.7910    1.7920    1.7930    1.7939    1.7949    1.7959    1.7969

  Columns 1842 through 1848

    1.7979    1.7988    1.7998    1.8008    1.8018    1.8027    1.8037

  Columns 1849 through 1855

    1.8047    1.8057    1.8066    1.8076    1.8086    1.8096    1.8105

  Columns 1856 through 1862

    1.8115    1.8125    1.8135    1.8145    1.8154    1.8164    1.8174

  Columns 1863 through 1869

    1.8184    1.8193    1.8203    1.8213    1.8223    1.8232    1.8242

  Columns 1870 through 1876

    1.8252    1.8262    1.8271    1.8281    1.8291    1.8301    1.8311

  Columns 1877 through 1883

    1.8320    1.8330    1.8340    1.8350    1.8359    1.8369    1.8379

  Columns 1884 through 1890

    1.8389    1.8398    1.8408    1.8418    1.8428    1.8438    1.8447

  Columns 1891 through 1897

    1.8457    1.8467    1.8477    1.8486    1.8496    1.8506    1.8516

  Columns 1898 through 1904

    1.8525    1.8535    1.8545    1.8555    1.8564    1.8574    1.8584

  Columns 1905 through 1911

    1.8594    1.8604    1.8613    1.8623    1.8633    1.8643    1.8652

  Columns 1912 through 1918

    1.8662    1.8672    1.8682    1.8691    1.8701    1.8711    1.8721

  Columns 1919 through 1925

    1.8730    1.8740    1.8750    1.8760    1.8770    1.8779    1.8789

  Columns 1926 through 1932

    1.8799    1.8809    1.8818    1.8828    1.8838    1.8848    1.8857

  Columns 1933 through 1939

    1.8867    1.8877    1.8887    1.8896    1.8906    1.8916    1.8926

  Columns 1940 through 1946

    1.8936    1.8945    1.8955    1.8965    1.8975    1.8984    1.8994

  Columns 1947 through 1953

    1.9004    1.9014    1.9023    1.9033    1.9043    1.9053    1.9062

  Columns 1954 through 1960

    1.9072    1.9082    1.9092    1.9102    1.9111    1.9121    1.9131

  Columns 1961 through 1967

    1.9141    1.9150    1.9160    1.9170    1.9180    1.9189    1.9199

  Columns 1968 through 1974

    1.9209    1.9219    1.9229    1.9238    1.9248    1.9258    1.9268

  Columns 1975 through 1981

    1.9277    1.9287    1.9297    1.9307    1.9316    1.9326    1.9336

  Columns 1982 through 1985

    1.9346    1.9355    1.9365    1.9375


                            < M A T L A B (R) >
                  Copyright 1984-2016 The MathWorks, Inc.
                   R2016b (9.1.0.441655) 64-bit (glnxa64)
                             September 7, 2016

 
To get started, type one of these: helpwin, helpdesk, or demo.
For product information, visit www.mathworks.com.
 

________________________________________________________________________________


---------------->>                 IB2d                      <<----------------

________________________________________________________________________________

If using the code for research purposes please cite the following two papers: 
     [1] N.A. Battista, A.J. Baird, L.A. Miller, A mathematical model and MATLAB code for muscle-fluid-structure simulations, Integ. Comp. Biol. 55(5):901-911 (2015)
     [2] N.A. Battista, W.C. Strickland, L.A. Miller, IB2d a Python and MATLAB implementation of the immersed boundary method, Bioinspir. Biomim. 12(3):036003 (2017)
     [3] N.A. Battista, W.C. Strickland, A. Barrett, L.A. Miller, IB2d Reloaded: A more powerful Python and MATLAB implementation of the immersed boundary method, Math. Method. Appl. Sci. 41(18):8455-8480 (2018).
________________________________________________________________________________


 |****** Prepping Immersed Boundary Simulation ******|


--> Reading input data for simulation...


--> FIBER MODEL INCLUDES: 
  -Springs and NOT dynamically updating spring properties


--> Background Flow Items
  -Background concentration included

 |****** Begin IMMERSED BOUNDARY SIMULATION! ******| 

Current Time(s): 0.000000

Current Time(s): 0.250000
CFL: 2.266184e-02



 |****** IMMERSED BOUNDARY SIMULATION HAS FINISHED! ******|

