
                            < M A T L A B (R) >
                  Copyright 1984-2016 The MathWorks, Inc.
                   R2016b (9.1.0.441655) 64-bit (glnxa64)
                             September 7, 2016

 
To get started, type one of these: helpwin, helpdesk, or demo.
For product information, visit www.mathworks.com.
 

s =

  Columns 1 through 7

         0    0.0020    0.0039    0.0059    0.0078    0.0098    0.0117

  Columns 8 through 14

    0.0137    0.0156    0.0176    0.0195    0.0215    0.0234    0.0254

  Columns 15 through 21

    0.0273    0.0293    0.0312    0.0332    0.0352    0.0371    0.0391

  Columns 22 through 28

    0.0410    0.0430    0.0449    0.0469    0.0488    0.0508    0.0527

  Columns 29 through 35

    0.0547    0.0566    0.0586    0.0605    0.0625    0.0645    0.0664

  Columns 36 through 42

    0.0684    0.0703    0.0723    0.0742    0.0762    0.0781    0.0801

  Columns 43 through 49

    0.0820    0.0840    0.0859    0.0879    0.0898    0.0918    0.0938

  Columns 50 through 56

    0.0957    0.0977    0.0996    0.1016    0.1035    0.1055    0.1074

  Columns 57 through 63

    0.1094    0.1113    0.1133    0.1152    0.1172    0.1191    0.1211

  Columns 64 through 70

    0.1230    0.1250    0.1270    0.1289    0.1309    0.1328    0.1348

  Columns 71 through 77

    0.1367    0.1387    0.1406    0.1426    0.1445    0.1465    0.1484

  Columns 78 through 84

    0.1504    0.1523    0.1543    0.1562    0.1582    0.1602    0.1621

  Columns 85 through 91

    0.1641    0.1660    0.1680    0.1699    0.1719    0.1738    0.1758

  Columns 92 through 98

    0.1777    0.1797    0.1816    0.1836    0.1855    0.1875    0.1895

  Columns 99 through 105

    0.1914    0.1934    0.1953    0.1973    0.1992    0.2012    0.2031

  Columns 106 through 112

    0.2051    0.2070    0.2090    0.2109    0.2129    0.2148    0.2168

  Columns 113 through 119

    0.2188    0.2207    0.2227    0.2246    0.2266    0.2285    0.2305

  Columns 120 through 126

    0.2324    0.2344    0.2363    0.2383    0.2402    0.2422    0.2441

  Columns 127 through 133

    0.2461    0.2480    0.2500    0.2520    0.2539    0.2559    0.2578

  Columns 134 through 140

    0.2598    0.2617    0.2637    0.2656    0.2676    0.2695    0.2715

  Columns 141 through 147

    0.2734    0.2754    0.2773    0.2793    0.2812    0.2832    0.2852

  Columns 148 through 154

    0.2871    0.2891    0.2910    0.2930    0.2949    0.2969    0.2988

  Columns 155 through 161

    0.3008    0.3027    0.3047    0.3066    0.3086    0.3105    0.3125

  Columns 162 through 168

    0.3145    0.3164    0.3184    0.3203    0.3223    0.3242    0.3262

  Columns 169 through 175

    0.3281    0.3301    0.3320    0.3340    0.3359    0.3379    0.3398

  Columns 176 through 182

    0.3418    0.3438    0.3457    0.3477    0.3496    0.3516    0.3535

  Columns 183 through 189

    0.3555    0.3574    0.3594    0.3613    0.3633    0.3652    0.3672

  Columns 190 through 196

    0.3691    0.3711    0.3730    0.3750    0.3770    0.3789    0.3809

  Columns 197 through 203

    0.3828    0.3848    0.3867    0.3887    0.3906    0.3926    0.3945

  Columns 204 through 210

    0.3965    0.3984    0.4004    0.4023    0.4043    0.4062    0.4082

  Columns 211 through 217

    0.4102    0.4121    0.4141    0.4160    0.4180    0.4199    0.4219

  Columns 218 through 224

    0.4238    0.4258    0.4277    0.4297    0.4316    0.4336    0.4355

  Columns 225 through 231

    0.4375    0.4395    0.4414    0.4434    0.4453    0.4473    0.4492

  Columns 232 through 238

    0.4512    0.4531    0.4551    0.4570    0.4590    0.4609    0.4629

  Columns 239 through 245

    0.4648    0.4668    0.4688    0.4707    0.4727    0.4746    0.4766

  Columns 246 through 252

    0.4785    0.4805    0.4824    0.4844    0.4863    0.4883    0.4902

  Columns 253 through 259

    0.4922    0.4941    0.4961    0.4980    0.5000    0.5020    0.5039

  Columns 260 through 266

    0.5059    0.5078    0.5098    0.5117    0.5137    0.5156    0.5176

  Columns 267 through 273

    0.5195    0.5215    0.5234    0.5254    0.5273    0.5293    0.5312

  Columns 274 through 280

    0.5332    0.5352    0.5371    0.5391    0.5410    0.5430    0.5449

  Columns 281 through 287

    0.5469    0.5488    0.5508    0.5527    0.5547    0.5566    0.5586

  Columns 288 through 294

    0.5605    0.5625    0.5645    0.5664    0.5684    0.5703    0.5723

  Columns 295 through 301

    0.5742    0.5762    0.5781    0.5801    0.5820    0.5840    0.5859

  Columns 302 through 308

    0.5879    0.5898    0.5918    0.5938    0.5957    0.5977    0.5996

  Columns 309 through 315

    0.6016    0.6035    0.6055    0.6074    0.6094    0.6113    0.6133

  Columns 316 through 322

    0.6152    0.6172    0.6191    0.6211    0.6230    0.6250    0.6270

  Columns 323 through 329

    0.6289    0.6309    0.6328    0.6348    0.6367    0.6387    0.6406

  Columns 330 through 336

    0.6426    0.6445    0.6465    0.6484    0.6504    0.6523    0.6543

  Columns 337 through 343

    0.6562    0.6582    0.6602    0.6621    0.6641    0.6660    0.6680

  Columns 344 through 350

    0.6699    0.6719    0.6738    0.6758    0.6777    0.6797    0.6816

  Columns 351 through 357

    0.6836    0.6855    0.6875    0.6895    0.6914    0.6934    0.6953

  Columns 358 through 364

    0.6973    0.6992    0.7012    0.7031    0.7051    0.7070    0.7090

  Columns 365 through 371

    0.7109    0.7129    0.7148    0.7168    0.7188    0.7207    0.7227

  Columns 372 through 378

    0.7246    0.7266    0.7285    0.7305    0.7324    0.7344    0.7363

  Columns 379 through 385

    0.7383    0.7402    0.7422    0.7441    0.7461    0.7480    0.7500

  Columns 386 through 392

    0.7520    0.7539    0.7559    0.7578    0.7598    0.7617    0.7637

  Columns 393 through 399

    0.7656    0.7676    0.7695    0.7715    0.7734    0.7754    0.7773

  Columns 400 through 406

    0.7793    0.7812    0.7832    0.7852    0.7871    0.7891    0.7910

  Columns 407 through 413

    0.7930    0.7949    0.7969    0.7988    0.8008    0.8027    0.8047

  Columns 414 through 420

    0.8066    0.8086    0.8105    0.8125    0.8145    0.8164    0.8184

  Columns 421 through 427

    0.8203    0.8223    0.8242    0.8262    0.8281    0.8301    0.8320

  Columns 428 through 434

    0.8340    0.8359    0.8379    0.8398    0.8418    0.8438    0.8457

  Columns 435 through 441

    0.8477    0.8496    0.8516    0.8535    0.8555    0.8574    0.8594

  Columns 442 through 448

    0.8613    0.8633    0.8652    0.8672    0.8691    0.8711    0.8730

  Columns 449 through 455

    0.8750    0.8770    0.8789    0.8809    0.8828    0.8848    0.8867

  Columns 456 through 462

    0.8887    0.8906    0.8926    0.8945    0.8965    0.8984    0.9004

  Columns 463 through 469

    0.9023    0.9043    0.9062    0.9082    0.9102    0.9121    0.9141

  Columns 470 through 476

    0.9160    0.9180    0.9199    0.9219    0.9238    0.9258    0.9277

  Columns 477 through 483

    0.9297    0.9316    0.9336    0.9355    0.9375    0.9395    0.9414

  Columns 484 through 490

    0.9434    0.9453    0.9473    0.9492    0.9512    0.9531    0.9551

  Columns 491 through 497

    0.9570    0.9590    0.9609    0.9629    0.9648    0.9668    0.9688

  Columns 498 through 504

    0.9707    0.9727    0.9746    0.9766    0.9785    0.9805    0.9824

  Columns 505 through 511

    0.9844    0.9863    0.9883    0.9902    0.9922    0.9941    0.9961

  Columns 512 through 518

    0.9980    1.0000    1.0020    1.0039    1.0059    1.0078    1.0098

  Columns 519 through 525

    1.0117    1.0137    1.0156    1.0176    1.0195    1.0215    1.0234

  Columns 526 through 532

    1.0254    1.0273    1.0293    1.0312    1.0332    1.0352    1.0371

  Columns 533 through 539

    1.0391    1.0410    1.0430    1.0449    1.0469    1.0488    1.0508

  Columns 540 through 546

    1.0527    1.0547    1.0566    1.0586    1.0605    1.0625    1.0645

  Columns 547 through 553

    1.0664    1.0684    1.0703    1.0723    1.0742    1.0762    1.0781

  Columns 554 through 560

    1.0801    1.0820    1.0840    1.0859    1.0879    1.0898    1.0918

  Columns 561 through 567

    1.0938    1.0957    1.0977    1.0996    1.1016    1.1035    1.1055

  Columns 568 through 574

    1.1074    1.1094    1.1113    1.1133    1.1152    1.1172    1.1191

  Columns 575 through 581

    1.1211    1.1230    1.1250    1.1270    1.1289    1.1309    1.1328

  Columns 582 through 588

    1.1348    1.1367    1.1387    1.1406    1.1426    1.1445    1.1465

  Columns 589 through 595

    1.1484    1.1504    1.1523    1.1543    1.1562    1.1582    1.1602

  Columns 596 through 602

    1.1621    1.1641    1.1660    1.1680    1.1699    1.1719    1.1738

  Columns 603 through 609

    1.1758    1.1777    1.1797    1.1816    1.1836    1.1855    1.1875

  Columns 610 through 616

    1.1895    1.1914    1.1934    1.1953    1.1973    1.1992    1.2012

  Columns 617 through 623

    1.2031    1.2051    1.2070    1.2090    1.2109    1.2129    1.2148

  Columns 624 through 630

    1.2168    1.2188    1.2207    1.2227    1.2246    1.2266    1.2285

  Columns 631 through 637

    1.2305    1.2324    1.2344    1.2363    1.2383    1.2402    1.2422

  Columns 638 through 644

    1.2441    1.2461    1.2480    1.2500    1.2520    1.2539    1.2559

  Columns 645 through 651

    1.2578    1.2598    1.2617    1.2637    1.2656    1.2676    1.2695

  Columns 652 through 658

    1.2715    1.2734    1.2754    1.2773    1.2793    1.2812    1.2832

  Columns 659 through 665

    1.2852    1.2871    1.2891    1.2910    1.2930    1.2949    1.2969

  Columns 666 through 672

    1.2988    1.3008    1.3027    1.3047    1.3066    1.3086    1.3105

  Columns 673 through 679

    1.3125    1.3145    1.3164    1.3184    1.3203    1.3223    1.3242

  Columns 680 through 686

    1.3262    1.3281    1.3301    1.3320    1.3340    1.3359    1.3379

  Columns 687 through 693

    1.3398    1.3418    1.3438    1.3457    1.3477    1.3496    1.3516

  Columns 694 through 700

    1.3535    1.3555    1.3574    1.3594    1.3613    1.3633    1.3652

  Columns 701 through 707

    1.3672    1.3691    1.3711    1.3730    1.3750    1.3770    1.3789

  Columns 708 through 714

    1.3809    1.3828    1.3848    1.3867    1.3887    1.3906    1.3926

  Columns 715 through 721

    1.3945    1.3965    1.3984    1.4004    1.4023    1.4043    1.4062

  Columns 722 through 728

    1.4082    1.4102    1.4121    1.4141    1.4160    1.4180    1.4199

  Columns 729 through 735

    1.4219    1.4238    1.4258    1.4277    1.4297    1.4316    1.4336

  Columns 736 through 742

    1.4355    1.4375    1.4395    1.4414    1.4434    1.4453    1.4473

  Columns 743 through 749

    1.4492    1.4512    1.4531    1.4551    1.4570    1.4590    1.4609

  Columns 750 through 756

    1.4629    1.4648    1.4668    1.4688    1.4707    1.4727    1.4746

  Columns 757 through 763

    1.4766    1.4785    1.4805    1.4824    1.4844    1.4863    1.4883

  Columns 764 through 770

    1.4902    1.4922    1.4941    1.4961    1.4980    1.5000    1.5020

  Columns 771 through 777

    1.5039    1.5059    1.5078    1.5098    1.5117    1.5137    1.5156

  Columns 778 through 784

    1.5176    1.5195    1.5215    1.5234    1.5254    1.5273    1.5293

  Columns 785 through 791

    1.5312    1.5332    1.5352    1.5371    1.5391    1.5410    1.5430

  Columns 792 through 798

    1.5449    1.5469    1.5488    1.5508    1.5527    1.5547    1.5566

  Columns 799 through 805

    1.5586    1.5605    1.5625    1.5645    1.5664    1.5684    1.5703

  Columns 806 through 812

    1.5723    1.5742    1.5762    1.5781    1.5801    1.5820    1.5840

  Columns 813 through 819

    1.5859    1.5879    1.5898    1.5918    1.5938    1.5957    1.5977

  Columns 820 through 826

    1.5996    1.6016    1.6035    1.6055    1.6074    1.6094    1.6113

  Columns 827 through 833

    1.6133    1.6152    1.6172    1.6191    1.6211    1.6230    1.6250

  Columns 834 through 840

    1.6270    1.6289    1.6309    1.6328    1.6348    1.6367    1.6387

  Columns 841 through 847

    1.6406    1.6426    1.6445    1.6465    1.6484    1.6504    1.6523

  Columns 848 through 854

    1.6543    1.6562    1.6582    1.6602    1.6621    1.6641    1.6660

  Columns 855 through 861

    1.6680    1.6699    1.6719    1.6738    1.6758    1.6777    1.6797

  Columns 862 through 868

    1.6816    1.6836    1.6855    1.6875    1.6895    1.6914    1.6934

  Columns 869 through 875

    1.6953    1.6973    1.6992    1.7012    1.7031    1.7051    1.7070

  Columns 876 through 882

    1.7090    1.7109    1.7129    1.7148    1.7168    1.7188    1.7207

  Columns 883 through 889

    1.7227    1.7246    1.7266    1.7285    1.7305    1.7324    1.7344

  Columns 890 through 896

    1.7363    1.7383    1.7402    1.7422    1.7441    1.7461    1.7480

  Columns 897 through 903

    1.7500    1.7520    1.7539    1.7559    1.7578    1.7598    1.7617

  Columns 904 through 910

    1.7637    1.7656    1.7676    1.7695    1.7715    1.7734    1.7754

  Columns 911 through 917

    1.7773    1.7793    1.7812    1.7832    1.7852    1.7871    1.7891

  Columns 918 through 924

    1.7910    1.7930    1.7949    1.7969    1.7988    1.8008    1.8027

  Columns 925 through 931

    1.8047    1.8066    1.8086    1.8105    1.8125    1.8145    1.8164

  Columns 932 through 938

    1.8184    1.8203    1.8223    1.8242    1.8262    1.8281    1.8301

  Columns 939 through 945

    1.8320    1.8340    1.8359    1.8379    1.8398    1.8418    1.8438

  Columns 946 through 952

    1.8457    1.8477    1.8496    1.8516    1.8535    1.8555    1.8574

  Columns 953 through 959

    1.8594    1.8613    1.8633    1.8652    1.8672    1.8691    1.8711

  Columns 960 through 966

    1.8730    1.8750    1.8770    1.8789    1.8809    1.8828    1.8848

  Columns 967 through 973

    1.8867    1.8887    1.8906    1.8926    1.8945    1.8965    1.8984

  Columns 974 through 980

    1.9004    1.9023    1.9043    1.9062    1.9082    1.9102    1.9121

  Columns 981 through 987

    1.9141    1.9160    1.9180    1.9199    1.9219    1.9238    1.9258

  Columns 988 through 993

    1.9277    1.9297    1.9316    1.9336    1.9355    1.9375


                            < M A T L A B (R) >
                  Copyright 1984-2016 The MathWorks, Inc.
                   R2016b (9.1.0.441655) 64-bit (glnxa64)
                             September 7, 2016

 
To get started, type one of these: helpwin, helpdesk, or demo.
For product information, visit www.mathworks.com.
 

________________________________________________________________________________


---------------->>                 IB2d                      <<----------------

________________________________________________________________________________

If using the code for research purposes please cite the following two papers: 
     [1] N.A. Battista, A.J. Baird, L.A. Miller, A mathematical model and MATLAB code for muscle-fluid-structure simulations, Integ. Comp. Biol. 55(5):901-911 (2015)
     [2] N.A. Battista, W.C. Strickland, L.A. Miller, IB2d a Python and MATLAB implementation of the immersed boundary method, Bioinspir. Biomim. 12(3):036003 (2017)
     [3] N.A. Battista, W.C. Strickland, A. Barrett, L.A. Miller, IB2d Reloaded: A more powerful Python and MATLAB implementation of the immersed boundary method, Math. Method. Appl. Sci. 41(18):8455-8480 (2018).
________________________________________________________________________________


 |****** Prepping Immersed Boundary Simulation ******|


--> Reading input data for simulation...


--> FIBER MODEL INCLUDES: 
  -Springs and NOT dynamically updating spring properties


--> Background Flow Items
  -Background concentration included

 |****** Begin IMMERSED BOUNDARY SIMULATION! ******| 

Current Time(s): 0.000000



 |****** IMMERSED BOUNDARY SIMULATION HAS FINISHED! ******|

