
                            < M A T L A B (R) >
                  Copyright 1984-2016 The MathWorks, Inc.
                   R2016b (9.1.0.441655) 64-bit (glnxa64)
                             September 7, 2016

 
To get started, type one of these: helpwin, helpdesk, or demo.
For product information, visit www.mathworks.com.
 

s =

  Columns 1 through 7

         0    0.0039    0.0078    0.0117    0.0156    0.0195    0.0234

  Columns 8 through 14

    0.0273    0.0312    0.0352    0.0391    0.0430    0.0469    0.0508

  Columns 15 through 21

    0.0547    0.0586    0.0625    0.0664    0.0703    0.0742    0.0781

  Columns 22 through 28

    0.0820    0.0859    0.0898    0.0938    0.0977    0.1016    0.1055

  Columns 29 through 35

    0.1094    0.1133    0.1172    0.1211    0.1250    0.1289    0.1328

  Columns 36 through 42

    0.1367    0.1406    0.1445    0.1484    0.1523    0.1562    0.1602

  Columns 43 through 49

    0.1641    0.1680    0.1719    0.1758    0.1797    0.1836    0.1875

  Columns 50 through 56

    0.1914    0.1953    0.1992    0.2031    0.2070    0.2109    0.2148

  Columns 57 through 63

    0.2188    0.2227    0.2266    0.2305    0.2344    0.2383    0.2422

  Columns 64 through 70

    0.2461    0.2500    0.2539    0.2578    0.2617    0.2656    0.2695

  Columns 71 through 77

    0.2734    0.2773    0.2812    0.2852    0.2891    0.2930    0.2969

  Columns 78 through 84

    0.3008    0.3047    0.3086    0.3125    0.3164    0.3203    0.3242

  Columns 85 through 91

    0.3281    0.3320    0.3359    0.3398    0.3438    0.3477    0.3516

  Columns 92 through 98

    0.3555    0.3594    0.3633    0.3672    0.3711    0.3750    0.3789

  Columns 99 through 105

    0.3828    0.3867    0.3906    0.3945    0.3984    0.4023    0.4062

  Columns 106 through 112

    0.4102    0.4141    0.4180    0.4219    0.4258    0.4297    0.4336

  Columns 113 through 119

    0.4375    0.4414    0.4453    0.4492    0.4531    0.4570    0.4609

  Columns 120 through 126

    0.4648    0.4688    0.4727    0.4766    0.4805    0.4844    0.4883

  Columns 127 through 133

    0.4922    0.4961    0.5000    0.5039    0.5078    0.5117    0.5156

  Columns 134 through 140

    0.5195    0.5234    0.5273    0.5312    0.5352    0.5391    0.5430

  Columns 141 through 147

    0.5469    0.5508    0.5547    0.5586    0.5625    0.5664    0.5703

  Columns 148 through 154

    0.5742    0.5781    0.5820    0.5859    0.5898    0.5938    0.5977

  Columns 155 through 161

    0.6016    0.6055    0.6094    0.6133    0.6172    0.6211    0.6250

  Columns 162 through 168

    0.6289    0.6328    0.6367    0.6406    0.6445    0.6484    0.6523

  Columns 169 through 175

    0.6562    0.6602    0.6641    0.6680    0.6719    0.6758    0.6797

  Columns 176 through 182

    0.6836    0.6875    0.6914    0.6953    0.6992    0.7031    0.7070

  Columns 183 through 189

    0.7109    0.7148    0.7188    0.7227    0.7266    0.7305    0.7344

  Columns 190 through 196

    0.7383    0.7422    0.7461    0.7500    0.7539    0.7578    0.7617

  Columns 197 through 203

    0.7656    0.7695    0.7734    0.7773    0.7812    0.7852    0.7891

  Columns 204 through 210

    0.7930    0.7969    0.8008    0.8047    0.8086    0.8125    0.8164

  Columns 211 through 217

    0.8203    0.8242    0.8281    0.8320    0.8359    0.8398    0.8438

  Columns 218 through 224

    0.8477    0.8516    0.8555    0.8594    0.8633    0.8672    0.8711

  Columns 225 through 231

    0.8750    0.8789    0.8828    0.8867    0.8906    0.8945    0.8984

  Columns 232 through 238

    0.9023    0.9062    0.9102    0.9141    0.9180    0.9219    0.9258

  Columns 239 through 245

    0.9297    0.9336    0.9375    0.9414    0.9453    0.9492    0.9531

  Columns 246 through 252

    0.9570    0.9609    0.9648    0.9688    0.9727    0.9766    0.9805

  Columns 253 through 259

    0.9844    0.9883    0.9922    0.9961    1.0000    1.0039    1.0078

  Columns 260 through 266

    1.0117    1.0156    1.0195    1.0234    1.0273    1.0312    1.0352

  Columns 267 through 273

    1.0391    1.0430    1.0469    1.0508    1.0547    1.0586    1.0625

  Columns 274 through 280

    1.0664    1.0703    1.0742    1.0781    1.0820    1.0859    1.0898

  Columns 281 through 287

    1.0938    1.0977    1.1016    1.1055    1.1094    1.1133    1.1172

  Columns 288 through 294

    1.1211    1.1250    1.1289    1.1328    1.1367    1.1406    1.1445

  Columns 295 through 301

    1.1484    1.1523    1.1562    1.1602    1.1641    1.1680    1.1719

  Columns 302 through 308

    1.1758    1.1797    1.1836    1.1875    1.1914    1.1953    1.1992

  Columns 309 through 315

    1.2031    1.2070    1.2109    1.2148    1.2188    1.2227    1.2266

  Columns 316 through 322

    1.2305    1.2344    1.2383    1.2422    1.2461    1.2500    1.2539

  Columns 323 through 329

    1.2578    1.2617    1.2656    1.2695    1.2734    1.2773    1.2812

  Columns 330 through 336

    1.2852    1.2891    1.2930    1.2969    1.3008    1.3047    1.3086

  Columns 337 through 343

    1.3125    1.3164    1.3203    1.3242    1.3281    1.3320    1.3359

  Columns 344 through 350

    1.3398    1.3438    1.3477    1.3516    1.3555    1.3594    1.3633

  Columns 351 through 357

    1.3672    1.3711    1.3750    1.3789    1.3828    1.3867    1.3906

  Columns 358 through 364

    1.3945    1.3984    1.4023    1.4062    1.4102    1.4141    1.4180

  Columns 365 through 371

    1.4219    1.4258    1.4297    1.4336    1.4375    1.4414    1.4453

  Columns 372 through 378

    1.4492    1.4531    1.4570    1.4609    1.4648    1.4688    1.4727

  Columns 379 through 385

    1.4766    1.4805    1.4844    1.4883    1.4922    1.4961    1.5000

  Columns 386 through 392

    1.5039    1.5078    1.5117    1.5156    1.5195    1.5234    1.5273

  Columns 393 through 399

    1.5312    1.5352    1.5391    1.5430    1.5469    1.5508    1.5547

  Columns 400 through 406

    1.5586    1.5625    1.5664    1.5703    1.5742    1.5781    1.5820

  Columns 407 through 413

    1.5859    1.5898    1.5938    1.5977    1.6016    1.6055    1.6094

  Columns 414 through 420

    1.6133    1.6172    1.6211    1.6250    1.6289    1.6328    1.6367

  Columns 421 through 427

    1.6406    1.6445    1.6484    1.6523    1.6562    1.6602    1.6641

  Columns 428 through 434

    1.6680    1.6719    1.6758    1.6797    1.6836    1.6875    1.6914

  Columns 435 through 441

    1.6953    1.6992    1.7031    1.7070    1.7109    1.7148    1.7188

  Columns 442 through 448

    1.7227    1.7266    1.7305    1.7344    1.7383    1.7422    1.7461

  Columns 449 through 455

    1.7500    1.7539    1.7578    1.7617    1.7656    1.7695    1.7734

  Columns 456 through 458

    1.7773    1.7812    1.7852


                            < M A T L A B (R) >
                  Copyright 1984-2016 The MathWorks, Inc.
                   R2016b (9.1.0.441655) 64-bit (glnxa64)
                             September 7, 2016

 
To get started, type one of these: helpwin, helpdesk, or demo.
For product information, visit www.mathworks.com.
 

________________________________________________________________________________


---------------->>                 IB2d                      <<----------------

________________________________________________________________________________

If using the code for research purposes please cite the following two papers: 
     [1] N.A. Battista, A.J. Baird, L.A. Miller, A mathematical model and MATLAB code for muscle-fluid-structure simulations, Integ. Comp. Biol. 55(5):901-911 (2015)
     [2] N.A. Battista, W.C. Strickland, L.A. Miller, IB2d a Python and MATLAB implementation of the immersed boundary method, Bioinspir. Biomim. 12(3):036003 (2017)
     [3] N.A. Battista, W.C. Strickland, A. Barrett, L.A. Miller, IB2d Reloaded: A more powerful Python and MATLAB implementation of the immersed boundary method, Math. Method. Appl. Sci. 41(18):8455-8480 (2018).
________________________________________________________________________________


 |****** Prepping Immersed Boundary Simulation ******|


--> Reading input data for simulation...


--> FIBER MODEL INCLUDES: 
  -Springs and NOT dynamically updating spring properties


--> Background Flow Items
  -Background concentration included

 |****** Begin IMMERSED BOUNDARY SIMULATION! ******| 

Current Time(s): 0.000000



 |****** IMMERSED BOUNDARY SIMULATION HAS FINISHED! ******|

