
                            < M A T L A B (R) >
                  Copyright 1984-2016 The MathWorks, Inc.
                   R2016b (9.1.0.441655) 64-bit (glnxa64)
                             September 7, 2016

 
To get started, type one of these: helpwin, helpdesk, or demo.
For product information, visit www.mathworks.com.
 

s =

  Columns 1 through 7

         0    0.0078    0.0156    0.0234    0.0312    0.0391    0.0469

  Columns 8 through 14

    0.0547    0.0625    0.0703    0.0781    0.0859    0.0938    0.1016

  Columns 15 through 21

    0.1094    0.1172    0.1250    0.1328    0.1406    0.1484    0.1562

  Columns 22 through 28

    0.1641    0.1719    0.1797    0.1875    0.1953    0.2031    0.2109

  Columns 29 through 35

    0.2188    0.2266    0.2344    0.2422    0.2500    0.2578    0.2656

  Columns 36 through 42

    0.2734    0.2812    0.2891    0.2969    0.3047    0.3125    0.3203

  Columns 43 through 49

    0.3281    0.3359    0.3438    0.3516    0.3594    0.3672    0.3750

  Columns 50 through 56

    0.3828    0.3906    0.3984    0.4062    0.4141    0.4219    0.4297

  Columns 57 through 63

    0.4375    0.4453    0.4531    0.4609    0.4688    0.4766    0.4844

  Columns 64 through 70

    0.4922    0.5000    0.5078    0.5156    0.5234    0.5312    0.5391

  Columns 71 through 77

    0.5469    0.5547    0.5625    0.5703    0.5781    0.5859    0.5938

  Columns 78 through 84

    0.6016    0.6094    0.6172    0.6250    0.6328    0.6406    0.6484

  Columns 85 through 91

    0.6562    0.6641    0.6719    0.6797    0.6875    0.6953    0.7031

  Columns 92 through 98

    0.7109    0.7188    0.7266    0.7344    0.7422    0.7500    0.7578

  Columns 99 through 105

    0.7656    0.7734    0.7812    0.7891    0.7969    0.8047    0.8125

  Columns 106 through 112

    0.8203    0.8281    0.8359    0.8438    0.8516    0.8594    0.8672

  Columns 113 through 119

    0.8750    0.8828    0.8906    0.8984    0.9062    0.9141    0.9219

  Columns 120 through 126

    0.9297    0.9375    0.9453    0.9531    0.9609    0.9688    0.9766

  Columns 127 through 133

    0.9844    0.9922    1.0000    1.0078    1.0156    1.0234    1.0312

  Columns 134 through 140

    1.0391    1.0469    1.0547    1.0625    1.0703    1.0781    1.0859

  Columns 141 through 147

    1.0938    1.1016    1.1094    1.1172    1.1250    1.1328    1.1406

  Columns 148 through 154

    1.1484    1.1562    1.1641    1.1719    1.1797    1.1875    1.1953

  Columns 155 through 161

    1.2031    1.2109    1.2188    1.2266    1.2344    1.2422    1.2500

  Columns 162 through 168

    1.2578    1.2656    1.2734    1.2812    1.2891    1.2969    1.3047

  Columns 169 through 175

    1.3125    1.3203    1.3281    1.3359    1.3438    1.3516    1.3594

  Columns 176 through 182

    1.3672    1.3750    1.3828    1.3906    1.3984    1.4062    1.4141

  Columns 183 through 189

    1.4219    1.4297    1.4375    1.4453    1.4531    1.4609    1.4688

  Columns 190 through 196

    1.4766    1.4844    1.4922    1.5000    1.5078    1.5156    1.5234

  Columns 197 through 203

    1.5312    1.5391    1.5469    1.5547    1.5625    1.5703    1.5781

  Columns 204 through 210

    1.5859    1.5938    1.6016    1.6094    1.6172    1.6250    1.6328

  Columns 211 through 217

    1.6406    1.6484    1.6562    1.6641    1.6719    1.6797    1.6875

  Columns 218 through 224

    1.6953    1.7031    1.7109    1.7188    1.7266    1.7344    1.7422

  Columns 225 through 231

    1.7500    1.7578    1.7656    1.7734    1.7812    1.7891    1.7969

  Columns 232 through 238

    1.8047    1.8125    1.8203    1.8281    1.8359    1.8438    1.8516

  Columns 239 through 245

    1.8594    1.8672    1.8750    1.8828    1.8906    1.8984    1.9062

  Columns 246 through 249

    1.9141    1.9219    1.9297    1.9375


                            < M A T L A B (R) >
                  Copyright 1984-2016 The MathWorks, Inc.
                   R2016b (9.1.0.441655) 64-bit (glnxa64)
                             September 7, 2016

 
To get started, type one of these: helpwin, helpdesk, or demo.
For product information, visit www.mathworks.com.
 

________________________________________________________________________________


---------------->>                 IB2d                      <<----------------

________________________________________________________________________________

If using the code for research purposes please cite the following two papers: 
     [1] N.A. Battista, A.J. Baird, L.A. Miller, A mathematical model and MATLAB code for muscle-fluid-structure simulations, Integ. Comp. Biol. 55(5):901-911 (2015)
     [2] N.A. Battista, W.C. Strickland, L.A. Miller, IB2d a Python and MATLAB implementation of the immersed boundary method, Bioinspir. Biomim. 12(3):036003 (2017)
     [3] N.A. Battista, W.C. Strickland, A. Barrett, L.A. Miller, IB2d Reloaded: A more powerful Python and MATLAB implementation of the immersed boundary method, Math. Method. Appl. Sci. 41(18):8455-8480 (2018).
________________________________________________________________________________


 |****** Prepping Immersed Boundary Simulation ******|


--> Reading input data for simulation...


--> FIBER MODEL INCLUDES: 
  -Springs and NOT dynamically updating spring properties


--> Background Flow Items
  -Background concentration included

 |****** Begin IMMERSED BOUNDARY SIMULATION! ******| 

Current Time(s): 0.000000



 |****** IMMERSED BOUNDARY SIMULATION HAS FINISHED! ******|

